<?xml version="1.0" encoding="UTF-8"?>
<!-- Generated by org.testng.reporters.JUnitReportReporter -->
<testsuite hostname="DESKTOP-LP6OJ8A" failures="0" tests="12" name="lesson14.FacebookSignUpParrarellbrowser" time="-1647112576.000" errors="1" timestamp="2022-03-12T14:16:01 EST" skipped="11">
  <testcase classname="lesson14.FacebookSignUpParrarellbrowser" name="setUp" time="-1647112576.000">
    <error message="
Parameter &#039;browser&#039; is required by BeforeTest on method setUp but has not been marked @Optional or defined
in C:\Users\shazz\AppData\Local\Temp\testng-eclipse-1141053024\testng-customsuite.xml" type="org.testng.TestNGException">
      <![CDATA[org.testng.TestNGException: 
Parameter 'browser' is required by BeforeTest on method setUp but has not been marked @Optional or defined
in C:\Users\shazz\AppData\Local\Temp\testng-eclipse-1141053024\testng-customsuite.xml
at org.testng.internal.Parameters.createParams(Parameters.java:270)
at org.testng.internal.Parameters.createParametersForMethod(Parameters.java:358)
at org.testng.internal.Parameters.createParameters(Parameters.java:700)
at org.testng.internal.Parameters.createConfigurationParameters(Parameters.java:168)
at org.testng.internal.ConfigInvoker.invokeConfigurations(ConfigInvoker.java:302)
at org.testng.TestRunner.invokeTestConfigurations(TestRunner.java:637)
at org.testng.TestRunner.beforeRun(TestRunner.java:627)
at org.testng.TestRunner.run(TestRunner.java:589)
at org.testng.SuiteRunner.runTest(SuiteRunner.java:377)
at org.testng.SuiteRunner.runSequentially(SuiteRunner.java:371)
at org.testng.SuiteRunner.privateRun(SuiteRunner.java:332)
at org.testng.SuiteRunner.run(SuiteRunner.java:276)
at org.testng.SuiteRunnerWorker.runSuite(SuiteRunnerWorker.java:53)
at org.testng.SuiteRunnerWorker.run(SuiteRunnerWorker.java:96)
at org.testng.TestNG.runSuitesSequentially(TestNG.java:1212)
at org.testng.TestNG.runSuitesLocally(TestNG.java:1134)
at org.testng.TestNG.runSuites(TestNG.java:1063)
at org.testng.TestNG.run(TestNG.java:1031)
at org.testng.remote.AbstractRemoteTestNG.run(AbstractRemoteTestNG.java:115)
at org.testng.remote.RemoteTestNG.initAndRun(RemoteTestNG.java:251)
at org.testng.remote.RemoteTestNG.main(RemoteTestNG.java:77)
]]>
    </error>
  </testcase> <!-- setUp -->
  <system-out/>
  <testcase classname="lesson14.FacebookSignUpParrarellbrowser" name="clickCreateAccount" time="0.000">
    <skipped/>
  </testcase> <!-- clickCreateAccount -->
  <system-out/>
  <testcase classname="lesson14.FacebookSignUpParrarellbrowser" name="setFirstName" time="0.000">
    <skipped/>
  </testcase> <!-- setFirstName -->
  <system-out/>
  <testcase classname="lesson14.FacebookSignUpParrarellbrowser" name="setLastName" time="0.000">
    <skipped/>
  </testcase> <!-- setLastName -->
  <system-out/>
  <testcase classname="lesson14.FacebookSignUpParrarellbrowser" name="setMobileNumber" time="0.000">
    <skipped/>
  </testcase> <!-- setMobileNumber -->
  <system-out/>
  <testcase classname="lesson14.FacebookSignUpParrarellbrowser" name="setPassword" time="0.000">
    <skipped/>
  </testcase> <!-- setPassword -->
  <system-out/>
  <testcase classname="lesson14.FacebookSignUpParrarellbrowser" name="setbirthdayMonth" time="0.000">
    <skipped/>
  </testcase> <!-- setbirthdayMonth -->
  <system-out/>
  <testcase classname="lesson14.FacebookSignUpParrarellbrowser" name="setDate" time="0.000">
    <skipped/>
  </testcase> <!-- setDate -->
  <system-out/>
  <testcase classname="lesson14.FacebookSignUpParrarellbrowser" name="setYear" time="0.000">
    <skipped/>
  </testcase> <!-- setYear -->
  <system-out/>
  <testcase classname="lesson14.FacebookSignUpParrarellbrowser" name="setGender" time="0.000">
    <skipped/>
  </testcase> <!-- setGender -->
  <system-out/>
  <testcase classname="lesson14.FacebookSignUpParrarellbrowser" name="clickSubmitButton" time="0.000">
    <skipped/>
  </testcase> <!-- clickSubmitButton -->
  <system-out/>
  <testcase classname="lesson14.FacebookSignUpParrarellbrowser" name="verifyErrorMessage" time="0.000">
    <skipped/>
  </testcase> <!-- verifyErrorMessage -->
  <system-out/>
</testsuite> <!-- lesson14.FacebookSignUpParrarellbrowser -->
