<?xml version="1.0" encoding="UTF-8"?>
<!-- Generated by org.testng.reporters.JUnitXMLReporter -->
<testsuite ignored="0" hostname="DESKTOP-LP6OJ8A" failures="1" tests="11" name="ChromeTest" time="17.559" errors="0" timestamp="2022-03-14T22:27:07 EDT">
  <testcase classname="lesson15.FacebookSignUpParallelBrowser" name="clickCreateAccount" time="0.071"/>
  <testcase classname="lesson15.FacebookSignUpParallelBrowser" name="setFirstName" time="0.53"/>
  <testcase classname="lesson15.FacebookSignUpParallelBrowser" name="setLastName" time="0.127"/>
  <testcase classname="lesson15.FacebookSignUpParallelBrowser" name="setMobileNumber" time="0.093"/>
  <testcase classname="lesson15.FacebookSignUpParallelBrowser" name="setPassword" time="0.084"/>
  <testcase classname="lesson15.FacebookSignUpParallelBrowser" name="setbirthdayMonth" time="0.105"/>
  <testcase classname="lesson15.FacebookSignUpParallelBrowser" name="setDate" time="0.118"/>
  <testcase classname="lesson15.FacebookSignUpParallelBrowser" name="setYear" time="0.116"/>
  <testcase classname="lesson15.FacebookSignUpParallelBrowser" name="setGender" time="0.098"/>
  <testcase classname="lesson15.FacebookSignUpParallelBrowser" name="clickSubmitButton" time="0.086"/>
  <testcase classname="lesson15.FacebookSignUpParallelBrowser" name="verifyErrorMessage" time="13.826">
    <failure type="org.openqa.selenium.WebDriverException" message="chrome not reachable
  (Session info: chrome=99.0.4844.51)
Build info: version: &amp;apos;4.1.2&amp;apos;, revision: &amp;apos;9a5a329c5a&amp;apos;
System info: host: &amp;apos;DESKTOP-LP6OJ8A&amp;apos;, ip: &amp;apos;192.168.1.152&amp;apos;, os.name: &amp;apos;Windows 10&amp;apos;, os.arch: &amp;apos;amd64&amp;apos;, os.version: &amp;apos;10.0&amp;apos;, java.version: &amp;apos;16.0.1&amp;apos;
Driver info: org.openqa.selenium.chrome.ChromeDriver
Command: [8ed75bd68b2d41f5981cb6e13b7d0a2b, findElement {using=xpath, value=//div[@id=&amp;apos;reg_error_inner&amp;apos;]}]
Capabilities {acceptInsecureCerts: false, browserName: chrome, browserVersion: 99.0.4844.51, chrome: {chromedriverVersion: 98.0.4758.80 (7f0488e8ba0d8..., userDataDir: C:\Users\shazz\AppData\Loca...}, goog:chromeOptions: {debuggerAddress: localhost:56826}, javascriptEnabled: true, networkConnectionEnabled: false, pageLoadStrategy: normal, platform: WINDOWS, platformName: WINDOWS, proxy: Proxy(), se:cdp: ws://localhost:56826/devtoo..., se:cdpVersion: 99.0.4844.51, setWindowRect: true, strictFileInteractability: false, timeouts: {implicit: 0, pageLoad: 300000, script: 30000}, unhandledPromptBehavior: dismiss and notify, webauthn:extension:credBlob: true, webauthn:extension:largeBlob: true, webauthn:virtualAuthenticators: true}
Session ID: 8ed75bd68b2d41f5981cb6e13b7d0a2b">
      <![CDATA[org.openqa.selenium.WebDriverException: chrome not reachable
  (Session info: chrome=99.0.4844.51)
Build info: version: '4.1.2', revision: '9a5a329c5a'
System info: host: 'DESKTOP-LP6OJ8A', ip: '192.168.1.152', os.name: 'Windows 10', os.arch: 'amd64', os.version: '10.0', java.version: '16.0.1'
Driver info: org.openqa.selenium.chrome.ChromeDriver
Command: [8ed75bd68b2d41f5981cb6e13b7d0a2b, findElement {using=xpath, value=//div[@id='reg_error_inner']}]
Capabilities {acceptInsecureCerts: false, browserName: chrome, browserVersion: 99.0.4844.51, chrome: {chromedriverVersion: 98.0.4758.80 (7f0488e8ba0d8..., userDataDir: C:\Users\shazz\AppData\Loca...}, goog:chromeOptions: {debuggerAddress: localhost:56826}, javascriptEnabled: true, networkConnectionEnabled: false, pageLoadStrategy: normal, platform: WINDOWS, platformName: WINDOWS, proxy: Proxy(), se:cdp: ws://localhost:56826/devtoo..., se:cdpVersion: 99.0.4844.51, setWindowRect: true, strictFileInteractability: false, timeouts: {implicit: 0, pageLoad: 300000, script: 30000}, unhandledPromptBehavior: dismiss and notify, webauthn:extension:credBlob: true, webauthn:extension:largeBlob: true, webauthn:virtualAuthenticators: true}
Session ID: 8ed75bd68b2d41f5981cb6e13b7d0a2b
at org.openqa.selenium.remote.codec.w3c.W3CHttpResponseCodec.createException(W3CHttpResponseCodec.java:200)
at org.openqa.selenium.remote.codec.w3c.W3CHttpResponseCodec.decode(W3CHttpResponseCodec.java:133)
at org.openqa.selenium.remote.codec.w3c.W3CHttpResponseCodec.decode(W3CHttpResponseCodec.java:53)
at org.openqa.selenium.remote.HttpCommandExecutor.execute(HttpCommandExecutor.java:184)
at org.openqa.selenium.remote.service.DriverCommandExecutor.invokeExecute(DriverCommandExecutor.java:167)
at org.openqa.selenium.remote.service.DriverCommandExecutor.execute(DriverCommandExecutor.java:142)
at org.openqa.selenium.remote.RemoteWebDriver.execute(RemoteWebDriver.java:558)
at org.openqa.selenium.remote.ElementLocation$ElementFinder$2.findElement(ElementLocation.java:162)
at org.openqa.selenium.remote.ElementLocation.findElement(ElementLocation.java:60)
at org.openqa.selenium.remote.RemoteWebDriver.findElement(RemoteWebDriver.java:382)
at org.openqa.selenium.remote.RemoteWebDriver.findElement(RemoteWebDriver.java:374)
at org.openqa.selenium.support.ui.ExpectedConditions$7.apply(ExpectedConditions.java:197)
at org.openqa.selenium.support.ui.ExpectedConditions$7.apply(ExpectedConditions.java:193)
at org.openqa.selenium.support.ui.FluentWait.until(FluentWait.java:208)
at lesson15.FacebookSignUpParallelBrowser.verifyErrorMessage(FacebookSignUpParallelBrowser.java:99)
at java.base/java.util.ArrayList.forEach(ArrayList.java:1511)
at java.base/java.util.concurrent.FutureTask.run(FutureTask.java:264)
at java.base/java.util.concurrent.ThreadPoolExecutor.runWorker(ThreadPoolExecutor.java:1130)
at java.base/java.util.concurrent.ThreadPoolExecutor$Worker.run(ThreadPoolExecutor.java:630)
at java.base/java.lang.Thread.run(Thread.java:831)
... Removed 23 stack frames]]>
    </failure>
  </testcase> <!-- verifyErrorMessage -->
</testsuite> <!-- ChromeTest -->
