<html>
<head>
<title>TestNG:  ChromeTest</title>
<link href="../testng.css" rel="stylesheet" type="text/css" />
<link href="../my-testng.css" rel="stylesheet" type="text/css" />

<style type="text/css">
.log { display: none;} 
.stack-trace { display: none;} 
</style>
<script type="text/javascript">
<!--
function flip(e) {
  current = e.style.display;
  if (current == 'block') {
    e.style.display = 'none';
    return 0;
  }
  else {
    e.style.display = 'block';
    return 1;
  }
}

function toggleBox(szDivId, elem, msg1, msg2)
{
  var res = -1;  if (document.getElementById) {
    res = flip(document.getElementById(szDivId));
  }
  else if (document.all) {
    // this is the way old msie versions work
    res = flip(document.all[szDivId]);
  }
  if(elem) {
    if(res == 0) elem.innerHTML = msg1; else elem.innerHTML = msg2;
  }

}

function toggleAllBoxes() {
  if (document.getElementsByTagName) {
    d = document.getElementsByTagName('div');
    for (i = 0; i < d.length; i++) {
      if (d[i].className == 'log') {
        flip(d[i]);
      }
    }
  }
}

// -->
</script>

</head>
<body>
<h2 align='center'>ChromeTest</h2><table border='1' align="center">
<tr>
<td>Tests passed/Failed/Skipped:</td><td>10/1/0</td>
</tr><tr>
<td>Started on:</td><td>Mon Mar 14 22:26:49 EDT 2022</td>
</tr>
<tr><td>Total time:</td><td>17 seconds (17559 ms)</td>
</tr><tr>
<td>Included groups:</td><td></td>
</tr><tr>
<td>Excluded groups:</td><td></td>
</tr>
</table><p/>
<small><i>(Hover the method name to see the test class name)</i></small><p/>
<table width='100%' border='1' class='invocation-failed'>
<tr><td colspan='4' align='center'><b>FAILED TESTS</b></td></tr>
<tr><td><b>Test method</b></td>
<td width="30%"><b>Exception</b></td>
<td width="10%"><b>Time (seconds)</b></td>
<td><b>Instance</b></td>
</tr>
<tr>
<td title='lesson15.FacebookSignUpParallelBrowser.verifyErrorMessage()'><b>verifyErrorMessage</b><br>Test class: lesson15.FacebookSignUpParallelBrowser<br>Test method: testing error message</td>
<td><div><pre>org.openqa.selenium.WebDriverException: chrome not reachable
  (Session info: chrome=99.0.4844.51)
Build info: version: &apos;4.1.2&apos;, revision: &apos;9a5a329c5a&apos;
System info: host: &apos;DESKTOP-LP6OJ8A&apos;, ip: &apos;192.168.1.152&apos;, os.name: &apos;Windows 10&apos;, os.arch: &apos;amd64&apos;, os.version: &apos;10.0&apos;, java.version: &apos;16.0.1&apos;
Driver info: org.openqa.selenium.chrome.ChromeDriver
Command: [8ed75bd68b2d41f5981cb6e13b7d0a2b, findElement {using=xpath, value=//div[@id=&apos;reg_error_inner&apos;]}]
Capabilities {acceptInsecureCerts: false, browserName: chrome, browserVersion: 99.0.4844.51, chrome: {chromedriverVersion: 98.0.4758.80 (7f0488e8ba0d8..., userDataDir: C:\Users\shazz\AppData\Loca...}, goog:chromeOptions: {debuggerAddress: localhost:56826}, javascriptEnabled: true, networkConnectionEnabled: false, pageLoadStrategy: normal, platform: WINDOWS, platformName: WINDOWS, proxy: Proxy(), se:cdp: ws://localhost:56826/devtoo..., se:cdpVersion: 99.0.4844.51, setWindowRect: true, strictFileInteractability: false, timeouts: {implicit: 0, pageLoad: 300000, script: 30000}, unhandledPromptBehavior: dismiss and notify, webauthn:extension:credBlob: true, webauthn:extension:largeBlob: true, webauthn:virtualAuthenticators: true}
Session ID: 8ed75bd68b2d41f5981cb6e13b7d0a2b
	at org.openqa.selenium.remote.codec.w3c.W3CHttpResponseCodec.createException(W3CHttpResponseCodec.java:200)
	at org.openqa.selenium.remote.codec.w3c.W3CHttpResponseCodec.decode(W3CHttpResponseCodec.java:133)
	at org.openqa.selenium.remote.codec.w3c.W3CHttpResponseCodec.decode(W3CHttpResponseCodec.java:53)
	at org.openqa.selenium.remote.HttpCommandExecutor.execute(HttpCommandExecutor.java:184)
	at org.openqa.selenium.remote.service.DriverCommandExecutor.invokeExecute(DriverCommandExecutor.java:167)
	at org.openqa.selenium.remote.service.DriverCommandExecutor.execute(DriverCommandExecutor.java:142)
	at org.openqa.selenium.remote.RemoteWebDriver.execute(RemoteWebDriver.java:558)
	at org.openqa.selenium.remote.ElementLocation$ElementFinder$2.findElement(ElementLocation.java:162)
	at org.openqa.selenium.remote.ElementLocation.findElement(ElementLocation.java:60)
	at org.openqa.selenium.remote.RemoteWebDriver.findElement(RemoteWebDriver.java:382)
	at org.openqa.selenium.remote.RemoteWebDriver.findElement(RemoteWebDriver.java:374)
	at org.openqa.selenium.support.ui.ExpectedConditions$7.apply(ExpectedConditions.java:197)
	at org.openqa.selenium.support.ui.ExpectedConditions$7.apply(ExpectedConditions.java:193)
	at org.openqa.selenium.support.ui.FluentWait.until(FluentWait.java:208)
	at lesson15.FacebookSignUpParallelBrowser.verifyErrorMessage(FacebookSignUpParallelBrowser.java:99)
	at java.base/java.util.ArrayList.forEach(ArrayList.java:1511)
	at java.base/java.util.concurrent.FutureTask.run(FutureTask.java:264)
	at java.base/java.util.concurrent.ThreadPoolExecutor.runWorker(ThreadPoolExecutor.java:1130)
	at java.base/java.util.concurrent.ThreadPoolExecutor$Worker.run(ThreadPoolExecutor.java:630)
	at java.base/java.lang.Thread.run(Thread.java:831)
... Removed 23 stack frames</pre></div><a href='#' onClick='toggleBox("stack-trace928912959", this, "Click to show all stack frames", "Click to hide stack frames")'>Click to show all stack frames</a>
<div class='stack-trace' id='stack-trace928912959'><pre>org.openqa.selenium.WebDriverException: chrome not reachable
  (Session info: chrome=99.0.4844.51)
Build info: version: &apos;4.1.2&apos;, revision: &apos;9a5a329c5a&apos;
System info: host: &apos;DESKTOP-LP6OJ8A&apos;, ip: &apos;192.168.1.152&apos;, os.name: &apos;Windows 10&apos;, os.arch: &apos;amd64&apos;, os.version: &apos;10.0&apos;, java.version: &apos;16.0.1&apos;
Driver info: org.openqa.selenium.chrome.ChromeDriver
Command: [8ed75bd68b2d41f5981cb6e13b7d0a2b, findElement {using=xpath, value=//div[@id=&apos;reg_error_inner&apos;]}]
Capabilities {acceptInsecureCerts: false, browserName: chrome, browserVersion: 99.0.4844.51, chrome: {chromedriverVersion: 98.0.4758.80 (7f0488e8ba0d8..., userDataDir: C:\Users\shazz\AppData\Loca...}, goog:chromeOptions: {debuggerAddress: localhost:56826}, javascriptEnabled: true, networkConnectionEnabled: false, pageLoadStrategy: normal, platform: WINDOWS, platformName: WINDOWS, proxy: Proxy(), se:cdp: ws://localhost:56826/devtoo..., se:cdpVersion: 99.0.4844.51, setWindowRect: true, strictFileInteractability: false, timeouts: {implicit: 0, pageLoad: 300000, script: 30000}, unhandledPromptBehavior: dismiss and notify, webauthn:extension:credBlob: true, webauthn:extension:largeBlob: true, webauthn:virtualAuthenticators: true}
Session ID: 8ed75bd68b2d41f5981cb6e13b7d0a2b
	at java.base/jdk.internal.reflect.NativeConstructorAccessorImpl.newInstance0(Native Method)
	at java.base/jdk.internal.reflect.NativeConstructorAccessorImpl.newInstance(NativeConstructorAccessorImpl.java:78)
	at java.base/jdk.internal.reflect.DelegatingConstructorAccessorImpl.newInstance(DelegatingConstructorAccessorImpl.java:45)
	at java.base/java.lang.reflect.Constructor.newInstanceWithCaller(Constructor.java:499)
	at java.base/java.lang.reflect.Constructor.newInstance(Constructor.java:480)
	at org.openqa.selenium.remote.codec.w3c.W3CHttpResponseCodec.createException(W3CHttpResponseCodec.java:200)
	at org.openqa.selenium.remote.codec.w3c.W3CHttpResponseCodec.decode(W3CHttpResponseCodec.java:133)
	at org.openqa.selenium.remote.codec.w3c.W3CHttpResponseCodec.decode(W3CHttpResponseCodec.java:53)
	at org.openqa.selenium.remote.HttpCommandExecutor.execute(HttpCommandExecutor.java:184)
	at org.openqa.selenium.remote.service.DriverCommandExecutor.invokeExecute(DriverCommandExecutor.java:167)
	at org.openqa.selenium.remote.service.DriverCommandExecutor.execute(DriverCommandExecutor.java:142)
	at org.openqa.selenium.remote.RemoteWebDriver.execute(RemoteWebDriver.java:558)
	at org.openqa.selenium.remote.ElementLocation$ElementFinder$2.findElement(ElementLocation.java:162)
	at org.openqa.selenium.remote.ElementLocation.findElement(ElementLocation.java:60)
	at org.openqa.selenium.remote.RemoteWebDriver.findElement(RemoteWebDriver.java:382)
	at org.openqa.selenium.remote.RemoteWebDriver.findElement(RemoteWebDriver.java:374)
	at org.openqa.selenium.support.ui.ExpectedConditions$7.apply(ExpectedConditions.java:197)
	at org.openqa.selenium.support.ui.ExpectedConditions$7.apply(ExpectedConditions.java:193)
	at org.openqa.selenium.support.ui.FluentWait.until(FluentWait.java:208)
	at lesson15.FacebookSignUpParallelBrowser.verifyErrorMessage(FacebookSignUpParallelBrowser.java:99)
	at java.base/jdk.internal.reflect.NativeMethodAccessorImpl.invoke0(Native Method)
	at java.base/jdk.internal.reflect.NativeMethodAccessorImpl.invoke(NativeMethodAccessorImpl.java:78)
	at java.base/jdk.internal.reflect.DelegatingMethodAccessorImpl.invoke(DelegatingMethodAccessorImpl.java:43)
	at java.base/java.lang.reflect.Method.invoke(Method.java:567)
	at org.testng.internal.MethodInvocationHelper.invokeMethod(MethodInvocationHelper.java:133)
	at org.testng.internal.TestInvoker.invokeMethod(TestInvoker.java:598)
	at org.testng.internal.TestInvoker.invokeTestMethod(TestInvoker.java:173)
	at org.testng.internal.MethodRunner.runInSequence(MethodRunner.java:46)
	at org.testng.internal.TestInvoker$MethodInvocationAgent.invoke(TestInvoker.java:824)
	at org.testng.internal.TestInvoker.invokeTestMethods(TestInvoker.java:146)
	at org.testng.internal.TestMethodWorker.invokeTestMethods(TestMethodWorker.java:146)
	at org.testng.internal.TestMethodWorker.run(TestMethodWorker.java:128)
	at java.base/java.util.ArrayList.forEach(ArrayList.java:1511)
	at org.testng.TestRunner.privateRun(TestRunner.java:794)
	at org.testng.TestRunner.run(TestRunner.java:596)
	at org.testng.SuiteRunner.runTest(SuiteRunner.java:377)
	at org.testng.SuiteRunner.access$000(SuiteRunner.java:28)
	at org.testng.SuiteRunner$SuiteWorker.run(SuiteRunner.java:418)
	at org.testng.internal.thread.ThreadUtil.lambda$execute$0(ThreadUtil.java:64)
	at java.base/java.util.concurrent.FutureTask.run(FutureTask.java:264)
	at java.base/java.util.concurrent.ThreadPoolExecutor.runWorker(ThreadPoolExecutor.java:1130)
	at java.base/java.util.concurrent.ThreadPoolExecutor$Worker.run(ThreadPoolExecutor.java:630)
	at java.base/java.lang.Thread.run(Thread.java:831)
</pre></div></td>
<td>13</td>
<td>lesson15.FacebookSignUpParallelBrowser@696da30b</td></tr>
</table><p>
<table width='100%' border='1' class='invocation-passed'>
<tr><td colspan='4' align='center'><b>PASSED TESTS</b></td></tr>
<tr><td><b>Test method</b></td>
<td width="30%"><b>Exception</b></td>
<td width="10%"><b>Time (seconds)</b></td>
<td><b>Instance</b></td>
</tr>
<tr>
<td title='lesson15.FacebookSignUpParallelBrowser.setYear()'><b>setYear</b><br>Test class: lesson15.FacebookSignUpParallelBrowser<br>Test method: testing year field</td>
<td></td>
<td>0</td>
<td>lesson15.FacebookSignUpParallelBrowser@696da30b</td></tr>
<tr>
<td title='lesson15.FacebookSignUpParallelBrowser.setGender()'><b>setGender</b><br>Test class: lesson15.FacebookSignUpParallelBrowser<br>Test method: testing gender field</td>
<td></td>
<td>0</td>
<td>lesson15.FacebookSignUpParallelBrowser@696da30b</td></tr>
<tr>
<td title='lesson15.FacebookSignUpParallelBrowser.setLastName()'><b>setLastName</b><br>Test class: lesson15.FacebookSignUpParallelBrowser<br>Test method: testing lastname field</td>
<td></td>
<td>0</td>
<td>lesson15.FacebookSignUpParallelBrowser@696da30b</td></tr>
<tr>
<td title='lesson15.FacebookSignUpParallelBrowser.setDate()'><b>setDate</b><br>Test class: lesson15.FacebookSignUpParallelBrowser<br>Test method: testing day field</td>
<td></td>
<td>0</td>
<td>lesson15.FacebookSignUpParallelBrowser@696da30b</td></tr>
<tr>
<td title='lesson15.FacebookSignUpParallelBrowser.setbirthdayMonth()'><b>setbirthdayMonth</b><br>Test class: lesson15.FacebookSignUpParallelBrowser<br>Test method: testing month field</td>
<td></td>
<td>0</td>
<td>lesson15.FacebookSignUpParallelBrowser@696da30b</td></tr>
<tr>
<td title='lesson15.FacebookSignUpParallelBrowser.clickCreateAccount()'><b>clickCreateAccount</b><br>Test class: lesson15.FacebookSignUpParallelBrowser<br>Test method: testing create account button</td>
<td></td>
<td>0</td>
<td>lesson15.FacebookSignUpParallelBrowser@696da30b</td></tr>
<tr>
<td title='lesson15.FacebookSignUpParallelBrowser.setFirstName()'><b>setFirstName</b><br>Test class: lesson15.FacebookSignUpParallelBrowser<br>Test method: testing firstname field</td>
<td></td>
<td>0</td>
<td>lesson15.FacebookSignUpParallelBrowser@696da30b</td></tr>
<tr>
<td title='lesson15.FacebookSignUpParallelBrowser.setMobileNumber()'><b>setMobileNumber</b><br>Test class: lesson15.FacebookSignUpParallelBrowser<br>Test method: testing mobile number field</td>
<td></td>
<td>0</td>
<td>lesson15.FacebookSignUpParallelBrowser@696da30b</td></tr>
<tr>
<td title='lesson15.FacebookSignUpParallelBrowser.setPassword()'><b>setPassword</b><br>Test class: lesson15.FacebookSignUpParallelBrowser<br>Test method: testing password field</td>
<td></td>
<td>0</td>
<td>lesson15.FacebookSignUpParallelBrowser@696da30b</td></tr>
<tr>
<td title='lesson15.FacebookSignUpParallelBrowser.clickSubmitButton()'><b>clickSubmitButton</b><br>Test class: lesson15.FacebookSignUpParallelBrowser<br>Test method: testing submit button</td>
<td></td>
<td>0</td>
<td>lesson15.FacebookSignUpParallelBrowser@696da30b</td></tr>
</table><p>
</body>
</html>