<?xml version="1.0" encoding="UTF-8"?>
<!-- Generated by org.testng.reporters.JUnitXMLReporter -->
<testsuite ignored="0" hostname="DESKTOP-LP6OJ8A" failures="4" tests="23" name="Test" time="9.863" errors="0" timestamp="2022-03-12T13:57:21 EST">
  <testcase classname="lesson14.TestNG_Assert" name="hardTest1" time="0.018"/>
  <testcase classname="lesson14.TestNG_Assert" name="hardTest2" time="0.003"/>
  <testcase classname="lesson14.TestNG_Assert" name="hardTest3" time="0.004">
    <failure type="java.lang.AssertionError" message="expected [true] but found [false]">
      <![CDATA[java.lang.AssertionError: expected [true] but found [false]
at lesson14.TestNG_Assert.hardTest3(TestNG_Assert.java:20)
at java.base/java.util.ArrayList.forEach(ArrayList.java:1511)
... Removed 31 stack frames]]>
    </failure>
  </testcase> <!-- hardTest3 -->
  <testcase classname="lesson14.TestNG_Assert" name="hardTest4" time="0.001"/>
  <testcase classname="lesson14.FacebookSignUpTestNG_Test" name="clickCreateAccount" time="0.16"/>
  <testcase classname="lesson14.FacebookSignUpTestNG_Test" name="setFirstName" time="0.678"/>
  <testcase classname="lesson14.FacebookSignUpTestNG_Test" name="setLastName" time="0.184"/>
  <testcase classname="lesson14.FacebookSignUpTestNG_Test" name="setMobileNumber" time="0.22"/>
  <testcase classname="lesson14.FacebookSignUpTestNG_Test" name="setPassword" time="0.153"/>
  <testcase classname="lesson14.FacebookSignUpTestNG_Test" name="setbirthdayMonth" time="0.17"/>
  <testcase classname="lesson14.FacebookSignUpTestNG_Test" name="setDate" time="0.17"/>
  <testcase classname="lesson14.FacebookSignUpTestNG_Test" name="setYear" time="0.182"/>
  <testcase classname="lesson14.FacebookSignUpTestNG_Test" name="setGender" time="0.27"/>
  <testcase classname="lesson14.FacebookSignUpTestNG_Test" name="clickSubmitButton" time="0.243"/>
  <testcase classname="lesson14.FacebookSignUpTestNG_Test" name="verifyErrorMessage" time="2.578">
    <failure type="java.lang.AssertionError" message="The following asserts failed:
	Failed!! Error message did not match expected [Please choose a more secure password. It should be longer than 6 characters, unique to you, and difficult for others to guess. ] but found [Please choose a more secure password. It should be longer than 6 characters, unique to you, and difficult for others to guess.]">
      <![CDATA[java.lang.AssertionError: The following asserts failed:
Failed!! Error message did not match expected [Please choose a more secure password. It should be longer than 6 characters, unique to you, and difficult for others to guess. ] but found [Please choose a more secure password. It should be longer than 6 characters, unique to you, and difficult for others to guess.]
at lesson14.FacebookSignUpTestNG_Test.verifyErrorMessage(FacebookSignUpTestNG_Test.java:100)
at java.base/java.util.ArrayList.forEach(ArrayList.java:1511)
... Removed 29 stack frames]]>
    </failure>
  </testcase> <!-- verifyErrorMessage -->
  <testcase classname="lesson14.TestNG_AssertHardAndSoft" name="hardTest1" time="0.002"/>
  <testcase classname="lesson14.TestNG_AssertHardAndSoft" name="hardTest2" time="0.001"/>
  <testcase classname="lesson14.TestNG_AssertHardAndSoft" name="hardTest3" time="0.001">
    <failure type="java.lang.AssertionError" message="expected [true] but found [false]">
      <![CDATA[java.lang.AssertionError: expected [true] but found [false]
at lesson14.TestNG_AssertHardAndSoft.hardTest3(TestNG_AssertHardAndSoft.java:21)
at java.base/java.util.ArrayList.forEach(ArrayList.java:1511)
... Removed 31 stack frames]]>
    </failure>
  </testcase> <!-- hardTest3 -->
  <testcase classname="lesson14.TestNG_AssertHardAndSoft" name="hardTest4" time="0.002"/>
  <testcase classname="lesson14.TestNG_AssertHardAndSoft" name="softTest1" time="0.001">
    <failure type="java.lang.AssertionError" message="The following asserts failed:
	expected [true] but found [false]">
      <![CDATA[java.lang.AssertionError: The following asserts failed:
expected [true] but found [false]
at lesson14.TestNG_AssertHardAndSoft.softTest1(TestNG_AssertHardAndSoft.java:35)
at java.base/java.util.ArrayList.forEach(ArrayList.java:1511)
... Removed 29 stack frames]]>
    </failure>
  </testcase> <!-- softTest1 -->
  <testcase classname="lesson14.Annotationss" name="test1" time="0.001"/>
  <testcase classname="lesson14.Annotationss" name="test2" time="0.002"/>
  <testcase classname="lesson14.Annotationss" name="test3" time="0.001"/>
</testsuite> <!-- Test -->
