<?xml version="1.0" encoding="UTF-8"?>
<!-- Generated by org.testng.reporters.JUnitXMLReporter -->
<testsuite ignored="0" hostname="DESKTOP-LP6OJ8A" failures="1" tests="19" name="Testng.xml" time="10.208" errors="0" timestamp="2022-03-12T13:49:09 EST">
  <testcase classname="lesson14.FacebookSignUpTestNG_Test" name="clickCreateAccount" time="0.144"/>
  <testcase classname="lesson14.FacebookSignUpTestNG_Test" name="setFirstName" time="0.49"/>
  <testcase classname="lesson14.FacebookSignUpTestNG_Test" name="setLastName" time="0.166"/>
  <testcase classname="lesson14.FacebookSignUpTestNG_Test" name="setMobileNumber" time="0.179"/>
  <testcase classname="lesson14.FacebookSignUpTestNG_Test" name="setPassword" time="0.145"/>
  <testcase classname="lesson14.FacebookSignUpTestNG_Test" name="setbirthdayMonth" time="0.192"/>
  <testcase classname="lesson14.FacebookSignUpTestNG_Test" name="setDate" time="0.179"/>
  <testcase classname="lesson14.FacebookSignUpTestNG_Test" name="setYear" time="0.144"/>
  <testcase classname="lesson14.FacebookSignUpTestNG_Test" name="setGender" time="0.107"/>
  <testcase classname="lesson14.FacebookSignUpTestNG_Test" name="clickSubmitButton" time="0.101"/>
  <testcase classname="lesson14.FacebookSignUpTestNG_Test" name="verifyErrorMessage" time="3.56">
    <failure type="java.lang.AssertionError" message="The following asserts failed:
	Failed!! Error message did not match expected [Please choose a more secure password. It should be longer than 6 characters, unique to you, and difficult for others to guess. ] but found [Please choose a more secure password. It should be longer than 6 characters, unique to you, and difficult for others to guess.]">
      <![CDATA[java.lang.AssertionError: The following asserts failed:
Failed!! Error message did not match expected [Please choose a more secure password. It should be longer than 6 characters, unique to you, and difficult for others to guess. ] but found [Please choose a more secure password. It should be longer than 6 characters, unique to you, and difficult for others to guess.]
at lesson14.FacebookSignUpTestNG_Test.verifyErrorMessage(FacebookSignUpTestNG_Test.java:100)
at java.base/java.util.ArrayList.forEach(ArrayList.java:1511)
... Removed 29 stack frames]]>
    </failure>
  </testcase> <!-- verifyErrorMessage -->
  <testcase classname="lesson15.DataProviderTest" name="providerTest" time="0.0"/>
  <testcase classname="lesson15.DataProviderTest" name="providerTest" time="0.001"/>
  <testcase classname="lesson15.DataProviderTest" name="providerTest" time="0.0"/>
  <testcase classname="lesson15.DataProviderTest" name="providerTest" time="0.001"/>
  <testcase classname="lesson15.DataProviderTest" name="providerTest1" time="0.001"/>
  <testcase classname="lesson15.DataProviderTest" name="providerTest1" time="0.0"/>
  <testcase classname="lesson15.DataProviderTest" name="providerTest1" time="0.001"/>
  <testcase classname="lesson15.DataProviderTest" name="providerTest1" time="0.0"/>
</testsuite> <!-- Testng.xml -->
