<html>
<head>
<title>TestNG:  Testng.xml</title>
<link href="../testng.css" rel="stylesheet" type="text/css" />
<link href="../my-testng.css" rel="stylesheet" type="text/css" />

<style type="text/css">
.log { display: none;} 
.stack-trace { display: none;} 
</style>
<script type="text/javascript">
<!--
function flip(e) {
  current = e.style.display;
  if (current == 'block') {
    e.style.display = 'none';
    return 0;
  }
  else {
    e.style.display = 'block';
    return 1;
  }
}

function toggleBox(szDivId, elem, msg1, msg2)
{
  var res = -1;  if (document.getElementById) {
    res = flip(document.getElementById(szDivId));
  }
  else if (document.all) {
    // this is the way old msie versions work
    res = flip(document.all[szDivId]);
  }
  if(elem) {
    if(res == 0) elem.innerHTML = msg1; else elem.innerHTML = msg2;
  }

}

function toggleAllBoxes() {
  if (document.getElementsByTagName) {
    d = document.getElementsByTagName('div');
    for (i = 0; i < d.length; i++) {
      if (d[i].className == 'log') {
        flip(d[i]);
      }
    }
  }
}

// -->
</script>

</head>
<body>
<h2 align='center'>Testng.xml</h2><table border='1' align="center">
<tr>
<td>Tests passed/Failed/Skipped:</td><td>18/1/0</td>
</tr><tr>
<td>Started on:</td><td>Sat Mar 12 13:48:59 EST 2022</td>
</tr>
<tr><td>Total time:</td><td>10 seconds (10208 ms)</td>
</tr><tr>
<td>Included groups:</td><td></td>
</tr><tr>
<td>Excluded groups:</td><td></td>
</tr>
</table><p/>
<small><i>(Hover the method name to see the test class name)</i></small><p/>
<table width='100%' border='1' class='invocation-failed'>
<tr><td colspan='4' align='center'><b>FAILED TESTS</b></td></tr>
<tr><td><b>Test method</b></td>
<td width="30%"><b>Exception</b></td>
<td width="10%"><b>Time (seconds)</b></td>
<td><b>Instance</b></td>
</tr>
<tr>
<td title='lesson14.FacebookSignUpTestNG_Test.verifyErrorMessage()'><b>verifyErrorMessage</b><br>Test class: lesson14.FacebookSignUpTestNG_Test<br>Test method: testing error message</td>
<td><div><pre>java.lang.AssertionError: The following asserts failed:
	Failed!! Error message did not match expected [Please choose a more secure password. It should be longer than 6 characters, unique to you, and difficult for others to guess. ] but found [Please choose a more secure password. It should be longer than 6 characters, unique to you, and difficult for others to guess.]
	at lesson14.FacebookSignUpTestNG_Test.verifyErrorMessage(FacebookSignUpTestNG_Test.java:100)
	at java.base/java.util.ArrayList.forEach(ArrayList.java:1511)
... Removed 29 stack frames</pre></div><a href='#' onClick='toggleBox("stack-trace1235381529", this, "Click to show all stack frames", "Click to hide stack frames")'>Click to show all stack frames</a>
<div class='stack-trace' id='stack-trace1235381529'><pre>java.lang.AssertionError: The following asserts failed:
	Failed!! Error message did not match expected [Please choose a more secure password. It should be longer than 6 characters, unique to you, and difficult for others to guess. ] but found [Please choose a more secure password. It should be longer than 6 characters, unique to you, and difficult for others to guess.]
	at org.testng.asserts.SoftAssert.assertAll(SoftAssert.java:47)
	at org.testng.asserts.SoftAssert.assertAll(SoftAssert.java:31)
	at lesson14.FacebookSignUpTestNG_Test.verifyErrorMessage(FacebookSignUpTestNG_Test.java:100)
	at java.base/jdk.internal.reflect.NativeMethodAccessorImpl.invoke0(Native Method)
	at java.base/jdk.internal.reflect.NativeMethodAccessorImpl.invoke(NativeMethodAccessorImpl.java:78)
	at java.base/jdk.internal.reflect.DelegatingMethodAccessorImpl.invoke(DelegatingMethodAccessorImpl.java:43)
	at java.base/java.lang.reflect.Method.invoke(Method.java:567)
	at org.testng.internal.MethodInvocationHelper.invokeMethod(MethodInvocationHelper.java:133)
	at org.testng.internal.TestInvoker.invokeMethod(TestInvoker.java:598)
	at org.testng.internal.TestInvoker.invokeTestMethod(TestInvoker.java:173)
	at org.testng.internal.MethodRunner.runInSequence(MethodRunner.java:46)
	at org.testng.internal.TestInvoker$MethodInvocationAgent.invoke(TestInvoker.java:824)
	at org.testng.internal.TestInvoker.invokeTestMethods(TestInvoker.java:146)
	at org.testng.internal.TestMethodWorker.invokeTestMethods(TestMethodWorker.java:146)
	at org.testng.internal.TestMethodWorker.run(TestMethodWorker.java:128)
	at java.base/java.util.ArrayList.forEach(ArrayList.java:1511)
	at org.testng.TestRunner.privateRun(TestRunner.java:794)
	at org.testng.TestRunner.run(TestRunner.java:596)
	at org.testng.SuiteRunner.runTest(SuiteRunner.java:377)
	at org.testng.SuiteRunner.runSequentially(SuiteRunner.java:371)
	at org.testng.SuiteRunner.privateRun(SuiteRunner.java:332)
	at org.testng.SuiteRunner.run(SuiteRunner.java:276)
	at org.testng.SuiteRunnerWorker.runSuite(SuiteRunnerWorker.java:53)
	at org.testng.SuiteRunnerWorker.run(SuiteRunnerWorker.java:96)
	at org.testng.TestNG.runSuitesSequentially(TestNG.java:1212)
	at org.testng.TestNG.runSuitesLocally(TestNG.java:1134)
	at org.testng.TestNG.runSuites(TestNG.java:1063)
	at org.testng.TestNG.run(TestNG.java:1031)
	at org.testng.remote.AbstractRemoteTestNG.run(AbstractRemoteTestNG.java:115)
	at org.testng.remote.RemoteTestNG.initAndRun(RemoteTestNG.java:251)
	at org.testng.remote.RemoteTestNG.main(RemoteTestNG.java:77)
</pre></div></td>
<td>3</td>
<td>lesson14.FacebookSignUpTestNG_Test@2accdbb5</td></tr>
</table><p>
<table width='100%' border='1' class='invocation-passed'>
<tr><td colspan='4' align='center'><b>PASSED TESTS</b></td></tr>
<tr><td><b>Test method</b></td>
<td width="30%"><b>Exception</b></td>
<td width="10%"><b>Time (seconds)</b></td>
<td><b>Instance</b></td>
</tr>
<tr>
<td title='lesson14.FacebookSignUpTestNG_Test.setFirstName()'><b>setFirstName</b><br>Test class: lesson14.FacebookSignUpTestNG_Test<br>Test method: testing firstname field</td>
<td></td>
<td>0</td>
<td>lesson14.FacebookSignUpTestNG_Test@2accdbb5</td></tr>
<tr>
<td title='lesson14.FacebookSignUpTestNG_Test.setMobileNumber()'><b>setMobileNumber</b><br>Test class: lesson14.FacebookSignUpTestNG_Test<br>Test method: testing mobile number field</td>
<td></td>
<td>0</td>
<td>lesson14.FacebookSignUpTestNG_Test@2accdbb5</td></tr>
<tr>
<td title='lesson14.FacebookSignUpTestNG_Test.setGender()'><b>setGender</b><br>Test class: lesson14.FacebookSignUpTestNG_Test<br>Test method: testing gender field</td>
<td></td>
<td>0</td>
<td>lesson14.FacebookSignUpTestNG_Test@2accdbb5</td></tr>
<tr>
<td title='lesson15.DataProviderTest.providerTest()'><b>providerTest</b><br>Test class: lesson15.DataProviderTest<br>Parameters: name3, pass3</td>
<td></td>
<td>0</td>
<td>lesson15.DataProviderTest@22e357dc</td></tr>
<tr>
<td title='lesson15.DataProviderTest.providerTest1()'><b>providerTest1</b><br>Test class: lesson15.DataProviderTest<br>Parameters: name_1, pass_1, test1</td>
<td></td>
<td>0</td>
<td>lesson15.DataProviderTest@22e357dc</td></tr>
<tr>
<td title='lesson14.FacebookSignUpTestNG_Test.setYear()'><b>setYear</b><br>Test class: lesson14.FacebookSignUpTestNG_Test<br>Test method: testing year field</td>
<td></td>
<td>0</td>
<td>lesson14.FacebookSignUpTestNG_Test@2accdbb5</td></tr>
<tr>
<td title='lesson14.FacebookSignUpTestNG_Test.setLastName()'><b>setLastName</b><br>Test class: lesson14.FacebookSignUpTestNG_Test<br>Test method: testing lastname field</td>
<td></td>
<td>0</td>
<td>lesson14.FacebookSignUpTestNG_Test@2accdbb5</td></tr>
<tr>
<td title='lesson15.DataProviderTest.providerTest()'><b>providerTest</b><br>Test class: lesson15.DataProviderTest<br>Parameters: name1, pass1</td>
<td></td>
<td>0</td>
<td>lesson15.DataProviderTest@22e357dc</td></tr>
<tr>
<td title='lesson15.DataProviderTest.providerTest1()'><b>providerTest1</b><br>Test class: lesson15.DataProviderTest<br>Parameters: name_4, pass_4, test4</td>
<td></td>
<td>0</td>
<td>lesson15.DataProviderTest@22e357dc</td></tr>
<tr>
<td title='lesson15.DataProviderTest.providerTest()'><b>providerTest</b><br>Test class: lesson15.DataProviderTest<br>Parameters: name2, pass2</td>
<td></td>
<td>0</td>
<td>lesson15.DataProviderTest@22e357dc</td></tr>
<tr>
<td title='lesson14.FacebookSignUpTestNG_Test.setbirthdayMonth()'><b>setbirthdayMonth</b><br>Test class: lesson14.FacebookSignUpTestNG_Test<br>Test method: testing month field</td>
<td></td>
<td>0</td>
<td>lesson14.FacebookSignUpTestNG_Test@2accdbb5</td></tr>
<tr>
<td title='lesson15.DataProviderTest.providerTest()'><b>providerTest</b><br>Test class: lesson15.DataProviderTest<br>Parameters: name4, pass4</td>
<td></td>
<td>0</td>
<td>lesson15.DataProviderTest@22e357dc</td></tr>
<tr>
<td title='lesson14.FacebookSignUpTestNG_Test.setDate()'><b>setDate</b><br>Test class: lesson14.FacebookSignUpTestNG_Test<br>Test method: testing day field</td>
<td></td>
<td>0</td>
<td>lesson14.FacebookSignUpTestNG_Test@2accdbb5</td></tr>
<tr>
<td title='lesson15.DataProviderTest.providerTest1()'><b>providerTest1</b><br>Test class: lesson15.DataProviderTest<br>Parameters: name_3, pass_3, test3</td>
<td></td>
<td>0</td>
<td>lesson15.DataProviderTest@22e357dc</td></tr>
<tr>
<td title='lesson14.FacebookSignUpTestNG_Test.clickCreateAccount()'><b>clickCreateAccount</b><br>Test class: lesson14.FacebookSignUpTestNG_Test<br>Test method: testing create account button</td>
<td></td>
<td>0</td>
<td>lesson14.FacebookSignUpTestNG_Test@2accdbb5</td></tr>
<tr>
<td title='lesson14.FacebookSignUpTestNG_Test.setPassword()'><b>setPassword</b><br>Test class: lesson14.FacebookSignUpTestNG_Test<br>Test method: testing password field</td>
<td></td>
<td>0</td>
<td>lesson14.FacebookSignUpTestNG_Test@2accdbb5</td></tr>
<tr>
<td title='lesson14.FacebookSignUpTestNG_Test.clickSubmitButton()'><b>clickSubmitButton</b><br>Test class: lesson14.FacebookSignUpTestNG_Test<br>Test method: testing submit button</td>
<td></td>
<td>0</td>
<td>lesson14.FacebookSignUpTestNG_Test@2accdbb5</td></tr>
<tr>
<td title='lesson15.DataProviderTest.providerTest1()'><b>providerTest1</b><br>Test class: lesson15.DataProviderTest<br>Parameters: name_2, pass_2, test2</td>
<td></td>
<td>0</td>
<td>lesson15.DataProviderTest@22e357dc</td></tr>
</table><p>
</body>
</html>